c:\users\user\hsf\物件導向_1120216\game\game\debug\game.pch
c:\users\user\hsf\物件導向_1120216\game\game\debug\vc141.pdb
c:\users\user\hsf\物件導向_1120216\game\game\debug\vc141.idb
c:\users\user\hsf\物件導向_1120216\game\game\debug\pch.obj
c:\users\user\hsf\物件導向_1120216\game\game\debug\gamedlg.obj
c:\users\user\hsf\物件導向_1120216\game\game\debug\game.obj
c:\users\user\hsf\物件導向_1120216\game\game\debug\game.res
c:\users\user\hsf\物件導向_1120216\game\debug\game.pdb
c:\users\user\hsf\物件導向_1120216\game\game\debug\game.tlog\cl.command.1.tlog
c:\users\user\hsf\物件導向_1120216\game\game\debug\game.tlog\cl.read.1.tlog
c:\users\user\hsf\物件導向_1120216\game\game\debug\game.tlog\cl.write.1.tlog
c:\users\user\hsf\物件導向_1120216\game\game\debug\game.tlog\link-cvtres.read.1.tlog
c:\users\user\hsf\物件導向_1120216\game\game\debug\game.tlog\link-cvtres.write.1.tlog
c:\users\user\hsf\物件導向_1120216\game\game\debug\game.tlog\link-mt.read.1.tlog
c:\users\user\hsf\物件導向_1120216\game\game\debug\game.tlog\link-mt.write.1.tlog
c:\users\user\hsf\物件導向_1120216\game\game\debug\game.tlog\link-rc.read.1.tlog
c:\users\user\hsf\物件導向_1120216\game\game\debug\game.tlog\link-rc.write.1.tlog
c:\users\user\hsf\物件導向_1120216\game\game\debug\game.tlog\link.command.1.tlog
c:\users\user\hsf\物件導向_1120216\game\game\debug\game.tlog\link.read.1.tlog
c:\users\user\hsf\物件導向_1120216\game\game\debug\game.tlog\link.write.1.tlog
c:\users\user\hsf\物件導向_1120216\game\game\debug\game.tlog\rc.command.1.tlog
c:\users\user\hsf\物件導向_1120216\game\game\debug\game.tlog\rc.read.1.tlog
c:\users\user\hsf\物件導向_1120216\game\game\debug\game.tlog\rc.write.1.tlog
